
--- NEW SESSION: 02/06/2022 16:12:57 ---
/Target/collision/TPointModel.color = 1 0.498039 0 1

--- NEW SESSION: 07/06/2022 14:13:57 ---
/Finger_1/Finger_1/dofs.rest_position = 242.303 999.987 -133.464 238.062 992.5 -129.223 238.053 1007.5 -129.214 223.221 1007.5 -114.382 223.221 992.5 -114.382 235.941 992.5 -131.345 220.221 992.5 -115.625 235.933 1007.5 -131.337 220.221 1007.5 -115.625 229.214 1007.5 -138.053 231.337 1007.5 -135.933 231.345 992.5 -135.941 229.223 992.5 -138.062 233.464 999.986 -142.303 214.382 992.5 -123.221 215.625 992.5 -120.221 214.382 1007.5 -123.221 215.625 1007.5 -120.221 220.731 992.5 -111.892 219.488 992.5 -114.892 219.488 987.5 -114.892 218.971 987.5 -116.142 218.971 1012.5 -116.142 219.488 1012.5 -114.892 219.488 1007.5 -114.892 220.731 1007.5 -111.892 220.221 987.5 -115.625 220.221 1012.5 -115.625 242.305 987.5 -137.709 242.305 1012.5 -137.709 242.305 1012.5 -142.305 242.305 987.5 -142.305 237.709 987.5 -142.305 237.709 1012.5 -142.305 215.625 987.5 -120.221 215.625 1012.5 -120.221 216.142 987.5 -118.971 216.142 1012.5 -118.971 214.892 1012.5 -119.488 214.892 1007.5 -119.488 214.892 987.5 -119.488 214.892 992.5 -119.488 211.892 992.5 -120.731 211.892 1007.5 -120.731 183.439 987.5 -88.0348 183.439 992.5 -88.0348 183.439 992.5 -92.2774 183.439 1007.5 -92.2774 183.439 1007.5 -88.0348 183.439 1012.5 -88.0348 183.439 987.5 -86.267 186.267 987.5 -83.4386 188.035 987.5 -83.4386 183.439 1012.5 -86.267 186.267 1012.5 -83.4386 188.035 1012.5 -83.4386 188.035 1007.5 -83.4386 192.277 1007.5 -83.4386 192.277 992.5 -83.4386 188.035 992.5 -83.4386 183.439 1012.5 -86.267 183.439 987.5 -86.267 186.267 1012.5 -83.4386 186.267 987.5 -83.4386 91.1612 1007.5 0 95.4038 1007.5 -1.77636e-14 128.638 1007.5 -33.234 124.395 1007.5 -33.234 95.4038 1012.5 -3.55271e-15 128.638 1012.5 -33.234 95.4038 987.5 -1.77636e-14 95.4038 992.5 -3.55271e-15 128.638 992.5 -33.234 128.638 987.5 -33.234 91.1612 992.5 0 124.395 992.5 -33.234 130.406 1007.5 -35.0018 130.406 1012.5 -35.0018 181.671 1012.5 -86.267 181.671 1007.5 -86.267 130.406 1007.5 -39.2444 177.428 1007.5 -86.267 130.406 992.5 -35.0018 130.406 992.5 -39.2444 177.428 992.5 -86.267 181.671 992.5 -86.267 130.406 987.5 -35.0018 181.671 987.5 -86.267 108.839 992.5 -1.06581e-14 104.596 992.5 -1.77636e-14 133.234 992.5 -28.6378 133.234 992.5 -24.3952 104.596 987.5 -2.13163e-14 133.234 987.5 -28.6378 104.596 1012.5 -2.13163e-14 104.596 1007.5 -2.13163e-14 133.234 1007.5 -28.6378 133.234 1012.5 -28.6378 108.839 1007.5 -1.06581e-14 133.234 1007.5 -24.3952 186.267 987.5 -81.6708 135.002 987.5 -30.4056 186.267 992.5 -81.6708 135.002 992.5 -30.4056 186.267 992.5 -77.4282 139.244 992.5 -30.4056 186.267 1007.5 -77.4282 139.244 1007.5 -30.4056 186.267 1007.5 -81.6708 135.002 1007.5 -30.4056 186.267 1012.5 -81.6708 135.002 1012.5 -30.4056 133.234 987.5 -30.4056 133.234 1012.5 -30.4056 130.406 1012.5 -33.234 130.406 987.5 -33.234 241.108 995.194 -132.269 241.113 1004.8 -132.274 228.081 992.5 -123.485 240.179 1000.01 -135.583 228.077 1007.5 -123.481 235.583 1000.01 -140.179 232.269 995.194 -141.108 232.274 1004.8 -141.113 223.485 992.5 -128.081 223.481 1007.5 -128.077 218.971 1000 -116.142 242.305 1000 -137.709 231.263 1012.5 -126.667 231.263 987.5 -126.667 242.305 1000 -142.305 237.709 1000 -142.305 226.667 987.5 -131.263 226.667 1012.5 -131.263 216.142 1000 -118.971 204.408 987.5 -109.004 193.923 987.5 -98.5194 204.408 992.5 -109.004 193.923 992.5 -98.5194 197.665 992.5 -106.504 197.665 1007.5 -106.504 204.408 1007.5 -109.004 193.923 1007.5 -98.5194 204.408 1012.5 -109.004 193.923 1012.5 -98.5194 209.004 987.5 -104.408 198.519 987.5 -93.9232 209.004 1012.5 -104.408 198.519 1012.5 -93.9232 209.004 1007.5 -104.408 198.519 1007.5 -93.9232 206.504 1007.5 -97.6654 206.504 992.5 -97.6654 209.004 992.5 -104.408 198.519 992.5 -93.9232 186.267 1000 -83.4386 183.439 1000 -86.267 183.439 1000 -86.267 186.267 1000 -83.4386 117.56 1007.5 -22.156 106.482 1007.5 -11.078 113.317 1007.5 -22.156 102.239 1007.5 -11.078 117.56 1012.5 -22.156 106.482 1012.5 -11.078 117.56 992.5 -22.156 106.482 992.5 -11.078 117.56 987.5 -22.156 106.482 987.5 -11.078 113.317 992.5 -22.156 102.239 992.5 -11.078 168.855 1012.5 -73.4507 156.038 1012.5 -60.6344 143.222 1012.5 -47.8181 168.855 1007.5 -73.4507 156.038 1007.5 -60.6344 143.222 1007.5 -47.8181 165.673 1007.5 -74.5114 153.917 1007.5 -62.7557 142.161 1007.5 -51.0001 165.673 992.5 -74.5114 153.917 992.5 -62.7557 142.161 992.5 -51.0001 168.855 992.5 -73.4507 156.038 992.5 -60.6344 143.222 992.5 -47.8181 168.855 987.5 -73.4507 156.038 987.5 -60.6344 143.222 987.5 -47.8181 118.915 992.5 -14.3189 121.036 992.5 -12.1976 118.915 987.5 -14.3189 118.915 1007.5 -14.3189 118.915 1012.5 -14.3189 121.036 1007.5 -12.1976 173.451 987.5 -68.8545 160.634 987.5 -56.0382 147.818 987.5 -43.2219 173.451 992.5 -68.8545 160.634 992.5 -56.0382 147.818 992.5 -43.2219 174.511 992.5 -65.6725 162.756 992.5 -53.9169 151 992.5 -42.1612 174.511 1007.5 -65.6725 162.756 1007.5 -53.9169 151 1007.5 -42.1612 173.451 1007.5 -68.8545 160.634 1007.5 -56.0382 147.818 1007.5 -43.2219 173.451 1012.5 -68.8545 160.634 1012.5 -56.0382 147.818 1012.5 -43.2219 133.234 1000 -30.4056 130.406 1000 -33.234 230.162 999.998 -121.323 235.974 999.356 -127.135 231.855 996.088 -123.016 233.161 1003.56 -124.322 239.518 999.054 -130.679 237.564 1002.85 -128.725 231.326 992.5 -124.609 231.321 1007.5 -124.604 224.609 992.5 -131.326 221.323 999.998 -130.162 227.135 999.356 -135.974 223.016 996.088 -131.855 224.322 1003.56 -133.161 230.679 999.054 -139.518 228.725 1002.85 -137.564 224.605 1007.5 -131.322 219.23 991.875 -115.517 219.23 1008.12 -115.517 219.825 997.084 -114.08 219.949 1000.92 -113.78 219.596 1008.12 -115.883 219.596 991.875 -115.883 221.542 1001.55 -115.077 220.989 996.637 -115.306 240.183 995.001 -135.586 240.181 1005 -135.584 224.946 990 -120.35 224.945 1010 -120.349 242.305 1006.25 -140.007 242.305 993.75 -140.007 240.007 993.75 -142.305 240.007 1006.25 -142.305 235.586 995.001 -140.183 235.584 1005 -140.181 220.35 990 -124.946 220.349 1010 -124.945 215.883 1008.12 -119.596 215.883 991.875 -119.596 215.077 998.452 -121.542 215.306 1003.36 -120.989 215.517 991.875 -119.23 215.517 1008.12 -119.23 213.571 998.452 -120.036 214.124 1003.36 -119.807 188.681 990 -93.2771 199.165 990 -103.762 209.65 990 -114.246 190.552 1000 -99.3909 204.779 1000 -113.618 188.681 1010 -93.2771 199.165 1010 -103.762 209.65 1010 -114.246 221.888 987.5 -121.888 213.286 987.5 -113.286 189.018 987.5 -89.0181 186.661 987.5 -86.6611 219.563 987.5 -119.563 215.439 987.5 -115.439 234.486 987.5 -134.486 218.143 987.5 -118.143 217.704 987.5 -120.35 220.35 987.5 -117.704 214.763 987.5 -117.409 217.409 987.5 -114.763 201.464 987.5 -101.464 185.685 987.5 -85.6853 216.373 987.5 -117.671 223.211 987.5 -121.238 221.238 987.5 -123.211 214 987.5 -112.027 212.027 987.5 -114 225.177 987.5 -125.177 187.138 987.5 -85.437 185.437 987.5 -87.1383 239.201 987.5 -139.201 210.21 987.5 -110.21 217.7 987.5 -116.39 217.383 987.5 -119.139 219.139 987.5 -117.383 216.713 987.5 -119.67 219.67 987.5 -116.713 215.543 987.5 -118.385 218.392 987.5 -115.547 221.888 1012.5 -121.888 213.286 1012.5 -113.286 189.018 1012.5 -89.0181 186.901 1012.5 -86.901 219.563 1012.5 -119.563 215.439 1012.5 -115.439 234.486 1012.5 -134.486 218.143 1012.5 -118.143 217.704 1012.5 -120.35 220.35 1012.5 -117.704 214.763 1012.5 -117.409 217.409 1012.5 -114.763 201.464 1012.5 -101.464 185.733 1012.5 -85.7333 216.373 1012.5 -117.671 223.211 1012.5 -121.238 221.238 1012.5 -123.211 214 1012.5 -112.027 212.027 1012.5 -114 225.177 1012.5 -125.177 187.179 1012.5 -85.4781 185.478 1012.5 -87.1794 239.201 1012.5 -139.201 210.21 1012.5 -110.21 217.7 1012.5 -116.39 217.383 1012.5 -119.139 219.139 1012.5 -117.383 219.67 1012.5 -116.713 216.713 1012.5 -119.67 215.543 1012.5 -118.385 218.392 1012.5 -115.547 193.277 1010 -88.6809 214.246 1010 -109.65 203.762 1010 -99.1654 199.391 1000 -90.552 213.618 1000 -104.779 193.277 990 -88.6809 214.246 990 -109.65 203.762 990 -99.1654 189.433 1003.19 -83.4386 189.658 999.138 -83.4386 183.439 1003.19 -89.4334 183.439 999.138 -89.658 184.853 993.75 -84.8528 184.853 1006.25 -84.8528 184.853 993.75 -84.8528 184.853 1006.25 -84.8528 123.099 1010 -27.695 112.021 1010 -16.617 100.943 1010 -5.539 100.943 990 -5.539 112.021 990 -16.617 123.099 990 -27.695 136.814 1010 -41.4099 162.446 1010 -67.0426 149.63 1010 -54.2263 175.263 1010 -79.8589 148.835 1007.5 -55.5521 161.121 1007.5 -67.8381 148.835 992.5 -55.5521 161.121 992.5 -67.8381 136.814 990 -41.4099 175.263 990 -79.8589 162.446 990 -67.0426 149.63 990 -54.2263 126.605 992.5 -19.8874 113.347 992.5 -6.62913 126.075 990 -21.4784 111.756 990 -7.15946 126.075 1010 -21.4784 111.756 1010 -7.15946 126.605 1007.5 -19.8874 113.347 1007.5 -6.62913 141.41 990 -36.8137 167.043 990 -62.4464 154.226 990 -49.6301 179.859 990 -75.2627 167.838 992.5 -61.1205 155.552 992.5 -48.8346 155.552 1007.5 -48.8346 167.838 1007.5 -61.1205 141.41 1010 -36.8137 167.043 1010 -62.4464 154.226 1010 -49.6301 179.859 1010 -75.2627 186.267 996.81 -80.2722 186.267 1000.86 -80.0476 133.234 1003.19 -27.2392 133.234 999.138 -27.0146 136.4 1003.19 -30.4056 136.625 999.138 -30.4056 180.272 996.81 -86.267 180.048 1000.86 -86.267 127.239 996.81 -33.234 127.015 1000.86 -33.234 130.406 1003.19 -36.4004 130.406 999.138 -36.625 107.778 1000 -16.617 96.7002 1000 -5.539 118.856 1000 -27.695 100 1000 -3.92352e-15 107.601 1000 -3.92352e-15 92.3986 1000 -3.92352e-15 100.053 996.144 -4.03789e-15 99.9465 1003.86 -3.80914e-15 104.45 996.996 -4.01263e-15 95.405 996.964 -4.01359e-15 104.595 1003.04 -3.83344e-15 95.5501 1003 -3.83441e-15 99.9893 1008.77 -3.66333e-15 100.011 991.229 -4.18371e-15 106.372 995.499 -4.05704e-15 106.408 1004.51 -3.78976e-15 93.5921 995.491 -4.05728e-15 93.6284 1004.5 -3.79e-15 103.076 1000 -3.92352e-15 96.9244 1000 -3.92352e-15 136.283 1000 -45.1223 171.55 1000 -80.3892 148.039 1000 -56.8779 159.795 1000 -68.6336 127.135 1000 -18.2964 114.938 1000 -6.0988 145.122 1000 -36.2834 180.389 1000 -71.5504 168.634 1000 -59.7947 156.878 1000 -48.0391 179.927 987.5 -79.9273 136.745 987.5 -36.7453 125.015 987.5 -25.2013 182.69 987.5 -82.69 134.118 987.5 -34.1179 129.114 987.5 -29.8608 151.928 987.5 -51.9282 164.744 987.5 -64.7445 183.818 987.5 -83.8178 132.534 987.5 -32.5337 131.155 987.5 -30.9007 183.979 987.5 -82.2921 182.292 987.5 -83.9795 134.354 987.5 -32.6666 132.667 987.5 -34.354 123.598 987.5 -20.2736 129.522 987.5 -31.6633 131.336 987.5 -29.4631 128.269 987.5 -25.7556 127.184 987.5 -27.8958 126.648 987.5 -30.5925 124.52 987.5 -28.4509 121.637 987.5 -25.4389 129.828 987.5 -28.3226 128.48 987.5 -31.3377 136.745 1012.5 -36.7453 179.927 1012.5 -79.9273 125.015 1012.5 -25.2013 134.069 1012.5 -34.0686 129.114 1012.5 -29.8608 182.624 1012.5 -82.6237 164.744 1012.5 -64.7445 151.928 1012.5 -51.9282 183.805 1012.5 -83.8046 132.534 1012.5 -32.5337 131.155 1012.5 -30.9007 183.968 1012.5 -82.2807 182.281 1012.5 -83.9681 134.347 1012.5 -32.6596 132.66 1012.5 -34.3469 123.598 1012.5 -20.2736 129.522 1012.5 -31.6633 131.336 1012.5 -29.4631 128.269 1012.5 -25.7556 127.184 1012.5 -27.8958 126.648 1012.5 -30.5925 124.52 1012.5 -28.4509 121.637 1012.5 -25.4389 129.828 1012.5 -28.3226 128.48 1012.5 -31.3377 216.449 988.381 -117.366 217.477 1010.71 -118.507 217.56 988.324 -117.457 221.993 1001.08 -121.958 217.393 1006.13 -117.4 190.897 998.975 -90.8019 190.344 1004.81 -90.5086 217.424 990.76 -116.888 0 0 0 0 0 0 0 0 0 0 0 0

--- NEW SESSION: 07/06/2022 14:28:46 ---
/Finger_1/Finger_1/MyBoxRoi.drawPoints = 1
/Finger_1/Finger_1/MyBoxRoi.drawEdges = 1
/Finger_1/Finger_1/MyBoxRoi.drawTriangles = 1
/Finger_1/Finger_1/MyBoxRoi.drawTetrahedra = 1
/Finger_1/Finger_1/MyBoxRoi.drawHexahedra = 1
/Finger_1/Finger_1/MyBoxRoi.drawQuads = 1
/Finger_1/Finger_1/MyBoxRoi.drawSize = 1

--- NEW SESSION: 08/06/2022 13:39:59 ---
/Drone/Drone/collision/MechanicalObject.velocity = 0 0 0 0 0 0 0 0 0 0 0 0 0 0 0 0 0 0
/Target/Target/collision/MechanicalObject.velocity = 0 0 0 0 0 0 0 0 0 0 0 0 0 0 0 0 0 0 0 0 0 0 0 0 0 0 0 0 0 0 0 0 0 0 0 0 0 0 0 0 0 0 0 0 0 0 0 0 0 0 0 0 0 0 0 0 0 0 0 0 0 0 0 0 0 0 0 0 0 0 0 0 0 0 0 0 0 0 0 0 0 0 0 0 0 0 0 0 0 0 0 0 0 0 0 0 0 0 0 0 0 0 0 0 0 0 0 0 0 0 0 0 0 0 0 0 0 0 0 0 0 0 0 0 0 0 0 0 0 0 0 0 0 0 0 0 0 0 0 0 0 0 0 0 0 0 0 0 0 0 0 0 0 0 0 0 0 0 0 0 0 0 0 0 0 0 0 0 0 0 0 0 0 0 0 0 0 0 0 0 0 0 0 0 0 0 0 0 0 0 0 0 0 0 0 0 0 0 0 0 0 0 0 0 0 0 0 0 0 0 0 0 0 0 0 0 0 0 0 0 0 0 0 0 0 0 0 0 0 0 0 0 0 0 0 0 0 0 0 0 0 0 0 0 0 0 0 0 0 0 0 0 0 0 0 0 0 0 0 0 0 0 0 0 0 0 0 0 0 0 0 0 0 0 0 0 0 0 0 0 0 0 0 0 0 0 0 0 0 0 0 0 0 0 0 0 0 0 0 0 0 0 0 0 0 0 0 0 0 0 0 0 0 0 0 0 0 0 0 0 0 0 0 0 0 0 0 0 0 0 0 0 0 0 0 0 0 0 0 0 0 0 0 0 0 0 0 0 0 0 0 0 0 0 0 0 0 0 0 0 0 0 0 0 0 0 0 0 0 0 0 0 0 0 0 0 0 0 0 0 0 0 0 0 0 0 0 0 0 0 0 0 0 0 0 0 0 0 0 0 0 0 0 0 0 0 0 0 0 0 0 0 0 0 0 0 0 0 0 0 0 0 0 0 0 0 0 0 0 0 0 0 0 0 0 0 0 0 0 0 0 0 0 0 0 0 0 0 0 0 0 0 0 0 0 0 0 0 0 0 0 0 0 0 0 0 0 0 0 0 0 0 0 0 0 0 0 0 0 0 0 0 0 0 0 0 0 0 0 0 0 0 0 0 0 0 0 0 0 0 0 0 0 0 0 0 0 0 0 0 0 0 0 0 0 0 0 0 0 0 0 0 0 0 0 0 0 0 0 0 0 0 0 0 0 0 0 0 0 0 0 0 0 0 0 0 0 0 0 0 0 0 0 0 0 0 0 0 0 0 0 0 0 0 0 0 0 0 0 0 0 0 0 0 0 0 0 0 0 0 0 0 0 0 0 0 0 0 0 0 0 0 0 0 0 0 0 0 0 0 0 0 0 0 0 0 0 0 0 0 0 0 0 0 0 0 0 0 0 0 0 0 0 0 0 0 0 0 0 0 0 0 0 0 0 0 0 0 0 0 0 0 0 0 0 0 0 0 0 0 0 0 0 0 0 0 0 0 0 0 0 0 0 0 0 0 0 0 0 0 0 0 0 0 0 0 0 0 0 0 0 0 0 0 0 0 0 0 0 0 0 0 0 0 0 0 0 0 0 0 0 0 0 0 0 0 0 0 0 0 0 0 0 0 0 0 0 0 0 0 0 0 0 0 0 0 0 0 0 0 0 0 0 0 0 0 0 0 0 0 0 0 0 0 0 0 0 0 0 0 0 0 0 0 0 0 0 0 0 0 0 0 0 0 0 0 0 0 0 0 0 0 0 0 0 0 0 0 0 0 0 0 0 0 0 0 0 0 0 0 0 0 0 0 0 0 0 0 0 0 0 0 0 0 0 0 0 0 0 0 0 0 0 0 0 0 0 0 0 0 0 0 0 0 0 0 0 0 0 0 0 0 0 0 0 0 0 0 0 0 0 0 0 0 0 0 0 0 0 0 0 0 0 0 0 0 0 0 0 0 0 0 0 0 0 0 0 0 0 0 0 0 0 0 0 0 0 0 0 0 0 0 0 0 0 0 0 0 0 0 0 0 0 0 0 0 0 0 0 0 0 0 0 0 0 0 0 0 0 0 0 0 0 0 0 0 0 0 0 0 0 0 0 0 0 0 0 0 0 0 0 0 0 0 0 0 0 0 0 0 0 0 0 0 0 0 0 0 0 0 0 0 0 0 0 0 0 0 0 0 0 0 0 0 0 0 0 0 0 0 0 0 0 0 0 0 0 0 0 0 0 0 0 0 0 0 0 0 0 0 0 0 0 0 0 0 0 0 0 0 0 0 0 0 0 0 0 0 0 0 0 0 0 0 0 0 0 0 0 0 0 0 0 0 0 0 0 0 0 0 0 0 0 0 0 0 0 0 0 0 0 0 0 0 0 0 0 0 0 0 0 0 0 0 0 0 0 0 0 0 0 0 0 0 0 0 0 0 0 0 0 0 0 0 0 0 0 0 0 0 0 0 0 0 0 0 0 0 0 0 0 0 0 0 0 0 0 0 0 0 0 0 0 0 0 0 0 0 0 0 0 0 0 0 0 0 0 0 0 0 0 0 0 0 0 0 0 0 0 0 0 0 0 0 0 0 0 0 0 0 0 0 0 0 0 0 0 0 0 0 0 0 0 0 0 0 0 0 0 0 0 0 0 0 0 0 0 0 0 0 0 0 0 0 0 0 0 0 0 0 0 0 0 0 0 0 0 0 0 0 0 0 0 0 0 0 0 0 0 0 0 0 0 0 0 0 0 0 0 0 0 0 0 0 0 0 0 0 0 0 0 0 0 0 0 0 0 0 0 0 0 0 0 0 0 0 0 0 0 0 0 0 0 0 0 0 0 0 0 0 0 0 0 0 0 0 0 0 0 0 0 0 0 0 0 0 0 0 0 0 0 0 0 0 0 0 0 0 0 0 0 0 0 0
/Drone/Drone/collision/MechanicalObject.force = 0 0 0 0 0 0 0 0 0 0 0 0 0 0 0 0 0 0 0 0 0

--- NEW SESSION: 09/06/2022 12:39:15 ---
/Finger/Cable/CableConstraint.displacement = 3.41061e-13
/Finger/Cable/CableConstraint.value = 0 0 0 0 0 0 0 0 0 0 0 0 0 0 0 0 0 0 0 0 0 0 0 0 0 0 0 0 0 0 0 0 0 0 0 0 0 0 0 0 0 0 0 0 0 0 0 0 0 0 0 0 0 0 0 0 0 0 0 0 0 0 0 0 0 0 0 0 0 0 0 0 0 0 0 0 0 0 0 0 0 0 0 0 0 0 0 0 0

--- NEW SESSION: 09/06/2022 12:45:47 ---
/Finger/Cable/CableConstraint.hasPullPoint = 1
/Finger/Cable/CableConstraint.cableLength = 546.367
/Finger/Cable/CableConstraint.force = -0.0647823
/Finger/Cable/CableConstraint.displacement = -2.09804e-06
/Finger/Cable/CableConstraint.value = 0 0 0 0 0 0 0 0 0 0 0 0 0 0 0 0 0 0 0 0 0 0 0 0 0 0 0 0 0 0 0 0 0 0 0 0 0 0 0 0 0 0 0 0 0 0 0 0 0 0 0 0 0 0 0 0 0 0 0 0 0 0 0 0 0 0 0 0 0 0 0 0 0 0 0 0 0 0 0 0 0 0 0 0 0 0 0 0 0 0 0 0 0 0 0 0 0 0 0 0 0 0 0 0 0 0 0 0 0 0 0 0 0 0 0 0 0 0 0 0 0 0 0 0 0 0 0 0 0 0 0 0 0 0 0 0 0 0 0 0 0 0 0 0 0 0 0 0 0 0 0 0 0 0 0 0 0 0 0 0 0 0 0 0 0 0 0 0 0 0 0 0 0 0 0 0 0 0 0 0 0 0 0 0 0 0 0 0 0 0 0 0 0 0 0 0 0 0 0 0 0 0 0 0 0 0 0 0 0 0 0 0 0 0 0 0 0 0 0 0 0 0 0 0 0 0 0 0 0 0 0 0 0 0 0 0 0 0 0 0 0 0 0 0 0 0 0 0 0 0 0 0 0 0 0 0 0 0 0 0 0 0 0 0 0 0 0 0 0 0 0 0 0 0 0 0 0 0 0 0 0 0 0 0 0 0 0 0 0 0 0 0 0 0 0 0 0 0 0 0 0 0 0 0 0 0 0 0 0 0 0 0 0 0 0 0 0 0 0 0 0 0 0 0 0 0 0 0 0 0 0 0 0 0 0 0 0 0 0 0 0 0 0 0 0 0 0 0 0 0 0 0 0 0 0 0 0 0 0 0 0 0 0 0 0 0 0 0 0 0 0 0 0 0 0 0 0 0 0 0 0 0 0 0 0 0 0 0 0 0 0 0 0 0 0 0 0 0 0 0
/Finger/Cable/CableConstraint.valueType = displacement

--- NEW SESSION: 09/06/2022 12:49:36 ---
/Finger/Cable/CableConstraint.hasPullPoint = 1
/Finger/Cable/CableConstraint.cableLength = 546.19
/Finger/Cable/CableConstraint.displacement = 0.177008
/Finger/Cable/CableConstraint.value = 0 0 0 0 0 0 0 0 0 0 0 0 0 0 0 0 0 0 0 0 0 0 0 0 0 0 0 0 0 0 0 0 0 0 0 0 0 0 0 0 0 0 0 0 0 0 0 0 0 0 0 0 0 0 0 0 0 0 0 0 0 0 0 0 0 0 0 0 0 0 0 0 0 0 0 0 0 0 0 0 0 0 0 0 0 0 0 0 0 0 0 0 0 0 0 0 0 0 0 0

--- NEW SESSION: 09/06/2022 12:53:06 ---
/Finger/Cable/CableConstraint.cableLength = 842.21
/Finger/Cable/CableConstraint.displacement = 0.199306

--- NEW SESSION: 09/06/2022 13:04:00 ---
/Finger/Cable/CableConstraint.cableLength = 635.461
/Finger/Cable/CableConstraint.force = 100
/Finger/Cable/CableConstraint.displacement = -89.0943
/Finger/Cable/CableConstraint.value = 100

--- NEW SESSION: 09/06/2022 13:05:09 ---
/Finger/Cable/CableConstraint.cableLength = 446.369
/Finger/Cable/CableConstraint.force = 40.6003
/Finger/Cable/CableConstraint.displacement = 99.9973

--- NEW SESSION: 09/06/2022 13:06:34 ---
/Finger/Cable/CableConstraint.cableLength = 446.435
/Finger/Cable/CableConstraint.indices = 0 1 2 3 4 5 6 7 8 9 10 11 12 13 14
/Finger/Cable/CableConstraint.force = -1.12416
/Finger/Cable/CableConstraint.displacement = 99.9321
/Finger/Cable/CableConstraint.value = 100

--- NEW SESSION: 09/06/2022 13:08:04 ---
/Finger/Cable/CableConstraint.cableLength = 385.18
/Finger/Cable/CableConstraint.force = 144.652
/Finger/Cable/CableConstraint.displacement = 161.186
/Finger/Cable/CableConstraint.maxForce = 10000
/Finger/Cable/CableConstraint.minForce = -100

--- NEW SESSION: 09/06/2022 13:14:00 ---
/Finger/Cable/CableConstraint.cableLength = 516.843
/Finger/Cable/CableConstraint.force = 75
/Finger/Cable/CableConstraint.displacement = 29.5235
/Finger/Cable/CableConstraint.value = 75

--- NEW SESSION: 09/06/2022 13:22:24 ---
/Finger/Cable/CableConstraint.cableLength = 292.904
/Finger/Cable/CableConstraint.force = 1624.75
/Finger/Cable/CableConstraint.displacement = 253.462

--- NEW SESSION: 09/06/2022 13:22:58 ---
/Finger/Cable/CableConstraint.cableLength = 452.504
/Finger/Cable/CableConstraint.displacement = 93.8626

--- NEW SESSION: 09/06/2022 13:24:29 ---
/Finger/Cable/MechanicalObject.constraint = 0 18 0 -0.222087 -0.963227 0.151234  1 -0.336922 0.134066 -0.150205  2 -0.270745 0.271032 -0.00159328  3 -0.153831 0.377689 -0.000369212  4 0.015955 0.432808 -0.00012289  5 0.222929 0.415028 0.00258455  6 0.423141 0.279491 0.000320524  7 0.556026 0.0251455 -0.0151894  8 -0.234396 -0.9592 -0.986578  9 -0.233921 -0.98503 0.987839  10 0.554766 0.0250926 0.00980516  11 0.425487 0.281611 0.00151243  12 0.220702 0.411117 0.00196528  13 0.0165258 0.434574 -0.000443344  14 -0.1532 0.376925 0.000170544  15 -0.272467 0.272742 0.000666204  16 -0.335833 0.133186 0.150693  17 -4.22049 -18.2979 -2.89351  


--- NEW SESSION: 09/06/2022 13:55:29 ---
/Finger/Cable/CableConstraint.cableLength = 537.223
/Finger/Cable/CableConstraint.force = 1500
/Finger/Cable/CableConstraint.displacement = -8.15568
/Finger/Cable/CableConstraint.value = 1500

--- NEW SESSION: 09/06/2022 14:33:12 ---
/Finger/Cable/CableConstraint.cableLength = 485.957
/Finger/Cable/CableConstraint.force = 10
/Finger/Cable/CableConstraint.displacement = 60.4097
/Finger/Cable/CableConstraint.value = 10

--- NEW SESSION: 09/06/2022 15:30:52 ---
/Finger/Finger/BoxROI.orientedBox = 170.52 253.53 -30 170.52 253.53 10 178.52 253.53 10 8
/Finger/Finger/BoxROI.orientedBox = 303.23 263.92 -10 303.23 263.92 30 311.23 263.92 30 8
